Dec 05 01:37:52 Erased: firewalld-0.5.3-5.el7.noarch
Dec 05 01:37:52 Erased: python-firewall-0.5.3-5.el7.noarch
Dec 05 01:37:52 Erased: python-slip-dbus-0.4.0-4.el7.noarch
Dec 05 01:37:52 Erased: python-slip-0.4.0-4.el7.noarch
Dec 05 01:37:52 Erased: python-decorator-3.4.0-3.el7.noarch
Dec 05 01:37:52 Erased: firewalld-filesystem-0.5.3-5.el7.noarch
Dec 05 01:37:52 Erased: linux-firmware-20180911-69.git85c5d90.el7.noarch
Dec 05 01:37:52 Erased: 32:bind-utils-9.9.4-72.el7.x86_64
Dec 05 01:37:52 Erased: initscripts-9.49.46-1.el7.x86_64
Dec 05 01:37:52 Erased: iproute-4.11.0-14.el7.x86_64
Dec 05 01:37:52 Erased: iptables-1.4.21-28.el7.x86_64
Dec 05 01:37:52 Erased: libnetfilter_conntrack-1.0.6-1.el7_3.x86_64
Dec 05 01:37:52 Erased: 32:bind-libs-9.9.4-72.el7.x86_64
Dec 05 01:37:52 Erased: ipset-6.38-3.el7_6.x86_64
Dec 05 01:37:52 Erased: ipset-libs-6.38-3.el7_6.x86_64
Dec 05 01:37:52 Erased: less-458-9.el7.x86_64
Dec 05 01:37:52 Erased: groff-base-1.22.2-8.el7.x86_64
Dec 05 01:37:52 Erased: libmnl-1.0.3-7.el7.x86_64
Dec 05 01:37:52 Erased: GeoIP-1.5.0-13.el7.x86_64
Dec 05 01:37:52 Erased: libnfnetlink-1.0.1-4.el7.x86_64
Dec 05 01:37:52 Erased: sysvinit-tools-2.88-14.dsf.el7.x86_64
Dec 05 01:37:52 Erased: libselinux-python-2.5-14.1.el7.x86_64
Dec 05 01:37:52 Erased: ebtables-2.0.10-16.el7.x86_64
Dec 05 01:37:52 Erased: grubby-8.28-25.el7.x86_64
Feb 13 10:55:13 Updated: tzdata-2018i-1.el7.noarch
Feb 13 10:55:17 Updated: glibc-2.17-260.el7_6.3.x86_64
Feb 13 10:55:29 Updated: glibc-common-2.17-260.el7_6.3.x86_64
Feb 13 10:55:31 Updated: nss-util-3.36.0-1.1.el7_6.x86_64
Feb 13 10:55:32 Updated: systemd-libs-219-62.el7_6.3.x86_64
Feb 13 10:55:41 Updated: systemd-219-62.el7_6.3.x86_64
Feb 13 10:55:42 Updated: 7:device-mapper-1.02.149-10.el7_6.3.x86_64
Feb 13 10:55:44 Updated: 7:device-mapper-libs-1.02.149-10.el7_6.3.x86_64
Feb 13 10:55:44 Updated: nss-sysinit-3.36.0-7.1.el7_6.x86_64
Feb 13 10:55:47 Updated: nss-3.36.0-7.1.el7_6.x86_64
Feb 13 10:55:47 Updated: nss-tools-3.36.0-7.1.el7_6.x86_64
Feb 13 10:55:49 Updated: openldap-2.4.44-21.el7_6.x86_64
Feb 13 10:55:51 Updated: krb5-libs-1.15.1-37.el7_6.x86_64
Feb 13 10:55:51 Updated: 32:bind-license-9.9.4-73.el7_6.noarch
Feb 13 10:56:17 Installed: lzo-2.06-8.el7.x86_64
Feb 13 10:56:19 Installed: libxslt-1.1.28-5.el7.x86_64
Feb 13 10:56:20 Installed: python-lxml-3.2.1-4.el7.x86_64
Feb 13 10:56:20 Installed: python-javapackages-3.4.1-11.el7.noarch
Feb 13 10:56:20 Installed: javapackages-tools-3.4.1-11.el7.noarch
Feb 13 10:56:20 Installed: bea-stax-1.2.0-9.el7.noarch
Feb 13 10:56:20 Installed: bea-stax-api-1.2.0-9.el7.noarch
Feb 13 10:56:22 Installed: libarchive-3.1.2-10.el7_2.x86_64
Feb 13 10:56:23 Installed: augeas-libs-1.4.0-6.el7_6.1.x86_64
Feb 13 10:56:24 Installed: augeas-1.4.0-6.el7_6.1.x86_64
Feb 13 10:56:24 Installed: bsdtar-3.1.2-10.el7_2.x86_64
Feb 13 10:56:26 Installed: saxon-9.3.0.4-11.el7.noarch
Feb 13 10:56:26 Installed: unzip-6.0-19.el7.x86_64
Feb 13 11:06:08 Installed: libjpeg-turbo-1.2.90-6.el7.x86_64
Feb 13 11:06:08 Installed: fontpackages-filesystem-1.44-8.el7.noarch
Feb 13 11:06:10 Installed: libICE-1.0.9-9.el7.x86_64
Feb 13 11:06:11 Installed: 2:libpng-1.5.13-7.el7_2.x86_64
Feb 13 11:06:13 Installed: freetype-2.8-12.el7_6.1.x86_64
Feb 13 11:06:13 Installed: ttmkfdir-3.0.9-42.el7.x86_64
Feb 13 11:06:15 Installed: libSM-1.2.2-2.el7.x86_64
Feb 13 11:06:15 Installed: dejavu-fonts-common-2.33-6.el7.noarch
Feb 13 11:06:18 Installed: dejavu-sans-fonts-2.33-6.el7.noarch
Feb 13 11:06:21 Installed: fontconfig-2.13.0-4.3.el7.x86_64
Feb 13 11:06:22 Installed: libfontenc-1.1.3-3.el7.x86_64
Feb 13 11:06:23 Installed: 1:xorg-x11-font-utils-7.5-21.el7.x86_64
Feb 13 11:06:25 Installed: xorg-x11-fonts-Type1-7.5-9.el7.noarch
Feb 13 11:06:25 Installed: libX11-common-1.6.5-2.el7.noarch
Feb 13 11:06:27 Installed: libXau-1.0.8-2.1.el7.x86_64
Feb 13 11:06:30 Installed: libxcb-1.13-1.el7.x86_64
Feb 13 11:06:32 Installed: libX11-1.6.5-2.el7.x86_64
Feb 13 11:06:33 Installed: libXext-1.3.3-3.el7.x86_64
Feb 13 11:06:35 Installed: libXi-1.7.9-1.el7.x86_64
Feb 13 11:06:37 Installed: libXtst-1.2.3-1.el7.x86_64
Feb 13 11:06:39 Installed: giflib-4.1.6-9.el7.x86_64
Feb 13 11:06:41 Installed: libXrender-0.9.10-1.el7.x86_64
Feb 13 11:06:42 Installed: libXcomposite-0.4.4-4.1.el7.x86_64
Feb 13 11:06:44 Installed: lksctp-tools-1.0.17-2.el7.x86_64
Feb 13 11:06:46 Installed: alsa-lib-1.1.6-2.el7.x86_64
Feb 13 11:06:46 Installed: copy-jdk-configs-3.3-10.el7_5.noarch
Feb 13 11:06:47 Installed: tzdata-java-2018i-1.el7.noarch
Feb 13 11:07:06 Installed: 1:java-1.8.0-openjdk-headless-1.8.0.191.b12-1.el7_6.x86_64
Feb 13 11:07:08 Installed: 1:java-1.8.0-openjdk-1.8.0.191.b12-1.el7_6.x86_64
Feb 13 11:07:15 Installed: 1:java-1.8.0-openjdk-devel-1.8.0.191.b12-1.el7_6.x86_64
Apr 24 09:06:54 Updated: libgcc-4.8.5-36.el7_6.1.x86_64
Apr 24 09:06:56 Installed: hicolor-icon-theme-0.12-7.el7.noarch
Apr 24 09:06:57 Updated: tzdata-2019a-1.el7.noarch
Apr 24 09:07:09 Updated: glibc-common-2.17-260.el7_6.4.x86_64
Apr 24 09:07:13 Updated: glibc-2.17-260.el7_6.4.x86_64
Apr 24 09:07:16 Updated: libstdc++-4.8.5-36.el7_6.1.x86_64
Apr 24 09:07:18 Updated: systemd-libs-219-62.el7_6.5.x86_64
Apr 24 09:07:20 Installed: libXfixes-5.0.3-1.el7.x86_64
Apr 24 09:07:22 Updated: 1:openssl-libs-1.0.2k-16.el7_6.1.x86_64
Apr 24 09:07:24 Updated: libuuid-2.23.2-59.el7_6.1.x86_64
Apr 24 09:07:26 Updated: libblkid-2.23.2-59.el7_6.1.x86_64
Apr 24 09:07:28 Installed: mesa-libglapi-18.0.5-4.el7_6.x86_64
Apr 24 09:07:29 Updated: libmount-2.23.2-59.el7_6.1.x86_64
Apr 24 09:07:31 Installed: libXdamage-1.1.4-4.1.el7.x86_64
Apr 24 09:07:33 Updated: 1:dbus-libs-1.10.24-13.el7_6.x86_64
Apr 24 09:07:35 Installed: libwayland-server-1.15.0-1.el7.x86_64
Apr 24 09:07:36 Updated: 2:shadow-utils-4.1.5.1-25.el7_6.1.x86_64
Apr 24 09:07:44 Updated: systemd-219-62.el7_6.5.x86_64
Apr 24 09:07:46 Updated: 1:dbus-1.10.24-13.el7_6.x86_64
Apr 24 09:07:48 Installed: libxshmfence-1.2-1.el7.x86_64
Apr 24 09:07:50 Installed: 1:libglvnd-1.0.1-0.8.git5baa1e5.el7.x86_64
Apr 24 09:07:55 Installed: hwdata-0.252-9.1.el7.x86_64
Apr 24 09:07:57 Installed: libpciaccess-0.14-1.el7.x86_64
Apr 24 09:07:59 Installed: libdrm-2.4.91-3.el7.x86_64
Apr 24 09:08:01 Installed: mesa-libgbm-18.0.5-4.el7_6.x86_64
Apr 24 09:08:02 Installed: avahi-libs-0.6.31-19.el7.x86_64
Apr 24 09:08:04 Installed: 1:cups-libs-1.6.3-35.el7.x86_64
Apr 24 09:08:11 Updated: python-libs-2.7.5-77.el7_6.x86_64
Apr 24 09:08:13 Installed: libXcursor-1.1.15-1.el7.x86_64
Apr 24 09:08:15 Installed: graphite2-1.3.10-1.el7_3.x86_64
Apr 24 09:08:16 Installed: harfbuzz-1.7.5-2.el7.x86_64
Apr 24 09:08:18 Installed: fribidi-1.0.2-1.el7.x86_64
Apr 24 09:08:20 Installed: pcsc-lite-libs-1.8.8-8.el7.x86_64
Apr 24 09:08:22 Installed: libwayland-client-1.15.0-1.el7.x86_64
Apr 24 09:08:24 Installed: 1:libglvnd-egl-1.0.1-0.8.git5baa1e5.el7.x86_64
Apr 24 09:08:26 Installed: mesa-libEGL-18.0.5-4.el7_6.x86_64
Apr 24 09:08:28 Installed: pixman-0.34.0-1.el7.x86_64
Apr 24 09:08:29 Updated: libsmartcols-2.23.2-59.el7_6.1.x86_64
Apr 24 09:08:31 Installed: libXrandr-1.5.1-2.el7.x86_64
Apr 24 09:08:33 Installed: atk-2.28.1-1.el7.x86_64
Apr 24 09:08:35 Installed: libXinerama-1.1.3-2.1.el7.x86_64
Apr 24 09:08:37 Installed: jasper-libs-1.900.1-33.el7.x86_64
Apr 24 09:08:39 Installed: libXxf86vm-1.1.4-1.el7.x86_64
Apr 24 09:08:41 Installed: 1:libglvnd-glx-1.0.1-0.8.git5baa1e5.el7.x86_64
Apr 24 09:08:42 Installed: mesa-libGL-18.0.5-4.el7_6.x86_64
Apr 24 09:08:45 Installed: cairo-1.15.12-3.el7.x86_64
Apr 24 09:08:46 Installed: libthai-0.1.14-9.el7.x86_64
Apr 24 09:08:48 Installed: libXft-2.3.2-2.el7.x86_64
Apr 24 09:08:50 Installed: pango-1.42.4-1.el7.x86_64
Apr 24 09:08:52 Installed: jbigkit-libs-2.0-11.el7.x86_64
Apr 24 09:08:54 Installed: libtiff-4.0.3-27.el7_3.x86_64
Apr 24 09:08:56 Installed: gdk-pixbuf2-2.36.12-3.el7.x86_64
Apr 24 09:08:56 Installed: gtk-update-icon-cache-3.22.30-3.el7.x86_64
Apr 24 09:09:00 Installed: gtk2-2.24.31-1.el7.x86_64
Apr 24 09:09:00 Updated: tzdata-java-2019a-1.el7.noarch
Apr 24 09:09:25 Updated: 1:java-1.8.0-openjdk-headless-1.8.0.212.b04-0.el7_6.x86_64
Apr 24 09:09:27 Updated: 1:java-1.8.0-openjdk-1.8.0.212.b04-0.el7_6.x86_64
Apr 24 09:09:34 Updated: 1:java-1.8.0-openjdk-devel-1.8.0.212.b04-0.el7_6.x86_64
Apr 24 09:09:37 Updated: util-linux-2.23.2-59.el7_6.1.x86_64
Apr 24 09:09:37 Updated: python-2.7.5-77.el7_6.x86_64
Apr 24 09:09:39 Updated: libssh2-1.4.3-12.el7_6.2.x86_64
Apr 24 09:09:39 Updated: nss-pem-1.0.3-5.el7_6.1.x86_64
Apr 24 09:10:32 Installed: fipscheck-1.4.1-6.el7.x86_64
Apr 24 09:10:33 Installed: fipscheck-lib-1.4.1-6.el7.x86_64
Apr 24 09:10:34 Installed: groff-base-1.22.2-8.el7.x86_64
Apr 24 09:10:34 Installed: 1:perl-parent-0.225-244.el7.noarch
Apr 24 09:10:34 Installed: perl-HTTP-Tiny-0.033-3.el7.noarch
Apr 24 09:10:34 Installed: perl-podlators-2.5.1-3.el7.noarch
Apr 24 09:10:34 Installed: perl-Pod-Perldoc-3.20-4.el7.noarch
Apr 24 09:10:34 Installed: 1:perl-Pod-Escapes-1.04-294.el7_6.noarch
Apr 24 09:10:35 Installed: perl-Encode-2.51-7.el7.x86_64
Apr 24 09:10:35 Installed: perl-Text-ParseWords-3.29-4.el7.noarch
Apr 24 09:10:36 Installed: perl-Pod-Usage-1.63-3.el7.noarch
Apr 24 09:10:38 Installed: 4:perl-libs-5.16.3-294.el7_6.x86_64
Apr 24 09:10:38 Installed: 4:perl-macros-5.16.3-294.el7_6.x86_64
Apr 24 09:10:38 Installed: 4:perl-Time-HiRes-1.9725-3.el7.x86_64
Apr 24 09:10:38 Installed: perl-Exporter-5.68-3.el7.noarch
Apr 24 09:10:38 Installed: perl-constant-1.27-2.el7.noarch
Apr 24 09:10:38 Installed: perl-Time-Local-1.2300-2.el7.noarch
Apr 24 09:10:38 Installed: perl-Socket-2.010-4.el7.x86_64
Apr 24 09:10:38 Installed: perl-Carp-1.26-244.el7.noarch
Apr 24 09:10:38 Installed: perl-Storable-2.45-3.el7.x86_64
Apr 24 09:10:38 Installed: perl-PathTools-3.40-5.el7.x86_64
Apr 24 09:10:38 Installed: perl-Scalar-List-Utils-1.27-248.el7.x86_64
Apr 24 09:10:39 Installed: 1:perl-Pod-Simple-3.28-4.el7.noarch
Apr 24 09:10:39 Installed: perl-File-Temp-0.23.01-3.el7.noarch
Apr 24 09:10:39 Installed: perl-File-Path-2.09-2.el7.noarch
Apr 24 09:10:39 Installed: perl-threads-shared-1.43-6.el7.x86_64
Apr 24 09:10:39 Installed: perl-threads-1.87-4.el7.x86_64
Apr 24 09:10:39 Installed: perl-Filter-1.49-3.el7.x86_64
Apr 24 09:10:39 Installed: perl-Getopt-Long-2.40-3.el7.noarch
Apr 24 09:10:43 Installed: 4:perl-5.16.3-294.el7_6.x86_64
Apr 24 09:10:44 Installed: 1:perl-Error-0.17020-2.el7.noarch
Apr 24 09:10:44 Installed: perl-TermReadKey-2.30-20.el7.x86_64
Apr 24 09:10:44 Installed: less-458-9.el7.x86_64
Apr 24 09:10:46 Installed: openssh-7.4p1-16.el7.x86_64
Apr 24 09:10:47 Installed: libedit-3.0-12.20121213cvs.el7.x86_64
Apr 24 09:10:48 Installed: openssh-clients-7.4p1-16.el7.x86_64
Apr 24 09:10:49 Installed: rsync-3.1.2-4.el7.x86_64
Apr 24 09:10:50 Installed: perl-Git-1.8.3.1-20.el7.noarch
Apr 24 09:10:53 Installed: git-1.8.3.1-20.el7.x86_64
Apr 24 09:10:53 Installed: epel-release-7-11.noarch
Apr 24 09:11:12 Installed: oniguruma-5.9.5-3.el7.x86_64
Apr 24 09:11:13 Installed: 1:make-3.82-23.el7.x86_64
Apr 24 09:11:14 Installed: 1:openssl-1.0.2k-16.el7_6.1.x86_64
Apr 24 09:11:16 Installed: jq-1.5-1.el7.x86_64
Apr 24 09:11:17 Installed: which-2.20-7.el7.x86_64
Aug 13 05:42:32 Updated: libgcc-4.8.5-44.el7.x86_64
Aug 13 05:42:32 Updated: centos-release-7-9.2009.1.el7.centos.x86_64
Aug 13 05:42:32 Updated: setup-2.8.71-11.el7.noarch
Aug 13 05:42:33 Updated: tzdata-2021a-1.el7.noarch
Aug 13 05:42:33 Updated: bash-4.2.46-34.el7.x86_64
Aug 13 05:42:35 Updated: glibc-common-2.17-324.el7_9.x86_64
Aug 13 05:42:36 Updated: nss-softokn-freebl-3.53.1-6.el7_9.x86_64
Aug 13 05:42:37 Updated: glibc-2.17-324.el7_9.x86_64
Aug 13 05:42:37 Updated: libselinux-2.5-15.el7.x86_64
Aug 13 05:42:38 Updated: nspr-4.25.0-2.el7_9.x86_64
Aug 13 05:42:39 Updated: nss-util-3.53.1-1.el7_9.x86_64
Aug 13 05:42:39 Updated: zlib-1.2.7-19.el7_9.x86_64
Aug 13 05:42:40 Updated: libacl-2.2.51-15.el7.x86_64
Aug 13 05:42:40 Updated: audit-libs-2.8.5-4.el7.x86_64
Aug 13 05:42:41 Updated: libxml2-2.9.1-6.el7.5.x86_64
Aug 13 05:42:42 Updated: libcap-2.22-11.el7.x86_64
Aug 13 05:42:43 Updated: libdb-5.3.21-25.el7.x86_64
Aug 13 05:42:43 Updated: elfutils-libelf-0.176-5.el7.x86_64
Aug 13 05:42:44 Updated: expat-2.1.0-12.el7.x86_64
Aug 13 05:42:44 Updated: perl-Socket-2.010-5.el7.x86_64
Aug 13 05:42:44 Updated: 4:perl-macros-5.16.3-299.el7_9.x86_64
Aug 13 05:42:45 Updated: 4:perl-libs-5.16.3-299.el7_9.x86_64
Aug 13 05:42:46 Updated: 4:perl-5.16.3-299.el7_9.x86_64
Aug 13 05:42:46 Updated: libcom_err-1.42.9-19.el7.x86_64
Aug 13 05:42:46 Updated: chkconfig-1.7.6-1.el7.x86_64
Aug 13 05:42:47 Updated: sed-4.2.2-7.el7.x86_64
Aug 13 05:42:48 Updated: libstdc++-4.8.5-44.el7.x86_64
Aug 13 05:42:48 Updated: libuuid-2.23.2-65.el7_9.1.x86_64
Aug 13 05:42:49 Updated: 2:libpng-1.5.13-8.el7.x86_64
Aug 13 05:42:49 Updated: freetype-2.8-14.el7_9.1.x86_64
Aug 13 05:42:50 Updated: mesa-libglapi-18.3.4-12.el7_9.x86_64
Aug 13 05:42:51 Updated: readline-6.2-11.el7.x86_64
Aug 13 05:42:51 Updated: libjpeg-turbo-1.2.90-8.el7.x86_64
Aug 13 05:42:52 Updated: diffutils-3.3-5.el7.x86_64
Aug 13 05:42:53 Updated: cpio-2.11-28.el7.x86_64
Aug 13 05:42:53 Updated: sqlite-3.7.17-8.el7_7.1.x86_64
Aug 13 05:42:54 Updated: nss-softokn-3.53.1-6.el7_9.x86_64
Aug 13 05:42:55 Updated: file-libs-5.11-37.el7.x86_64
Aug 13 05:42:55 Updated: lz4-1.8.3-1.el7.x86_64
Aug 13 05:42:56 Updated: libffi-3.0.13-19.el7.x86_64
Aug 13 05:42:58 Updated: ca-certificates-2020.2.41-70.0.el7_8.noarch
Aug 13 05:42:59 Updated: 1:openssl-libs-1.0.2k-21.el7_9.x86_64
Aug 13 05:43:00 Updated: coreutils-8.22-24.el7_9.2.x86_64
Aug 13 05:43:01 Updated: krb5-libs-1.15.1-50.el7.x86_64
Aug 13 05:43:02 Updated: libblkid-2.23.2-65.el7_9.1.x86_64
Aug 13 05:43:03 Updated: pam-1.1.8-23.el7.x86_64
Aug 13 05:43:03 Updated: libmount-2.23.2-65.el7_9.1.x86_64
Aug 13 05:43:04 Updated: glib2-2.56.1-9.el7_9.x86_64
Aug 13 05:43:05 Updated: shared-mime-info-1.8-5.el7.x86_64
Aug 13 05:43:07 Updated: python-libs-2.7.5-90.el7.x86_64
Aug 13 05:43:07 Updated: python-2.7.5-90.el7.x86_64
Aug 13 05:43:07 Updated: 2:shadow-utils-4.6-5.el7.x86_64
Aug 13 05:43:07 Updated: libxml2-python-2.9.1-6.el7.5.x86_64
Aug 13 05:43:07 Updated: python-urlgrabber-3.10-10.el7.noarch
Aug 13 05:43:08 Updated: binutils-2.27-44.base.el7.x86_64
Aug 13 05:43:08 Updated: nss-pem-1.0.3-7.el7.x86_64
Aug 13 05:43:09 Updated: nss-3.53.1-7.el7_9.x86_64
Aug 13 05:43:09 Updated: nss-sysinit-3.53.1-7.el7_9.x86_64
Aug 13 05:43:09 Updated: nss-tools-3.53.1-7.el7_9.x86_64
Aug 13 05:43:10 Updated: alsa-lib-1.1.8-1.el7.x86_64
Aug 13 05:43:10 Updated: libssh2-1.8.0-4.el7.x86_64
Aug 13 05:43:11 Updated: libarchive-3.1.2-14.el7_7.x86_64
Aug 13 05:43:11 Updated: libdb-utils-5.3.21-25.el7.x86_64
Aug 13 05:43:12 Updated: libcurl-7.29.0-59.el7_9.1.x86_64
Aug 13 05:43:12 Updated: curl-7.29.0-59.el7_9.1.x86_64
Aug 13 05:43:13 Updated: rpm-libs-4.11.3-45.el7.x86_64
Aug 13 05:43:13 Updated: rpm-4.11.3-45.el7.x86_64
Aug 13 05:43:13 Updated: openldap-2.4.44-23.el7_9.x86_64
Aug 13 05:43:14 Updated: rpm-build-libs-4.11.3-45.el7.x86_64
Aug 13 05:43:14 Updated: rpm-python-4.11.3-45.el7.x86_64
Aug 13 05:43:14 Updated: yum-plugin-fastestmirror-1.1.31-54.el7_8.noarch
Aug 13 05:43:14 Updated: yum-3.4.3-168.el7.centos.noarch
Aug 13 05:43:15 Updated: augeas-libs-1.4.0-10.el7.x86_64
Aug 13 05:43:15 Updated: acl-2.2.51-15.el7.x86_64
Aug 13 05:43:16 Updated: kmod-libs-20-28.el7.x86_64
Aug 13 05:43:16 Updated: libsmartcols-2.23.2-65.el7_9.1.x86_64
Aug 13 05:43:17 Updated: procps-ng-3.3.10-28.el7.x86_64
Aug 13 05:43:17 Updated: kpartx-0.4.9-134.el7_9.x86_64
Aug 13 05:43:18 Updated: 7:device-mapper-1.02.170-6.el7_9.5.x86_64
Aug 13 05:43:19 Updated: util-linux-2.23.2-65.el7_9.1.x86_64
Aug 13 05:43:19 Updated: 7:device-mapper-libs-1.02.170-6.el7_9.5.x86_64
Aug 13 05:43:20 Updated: cryptsetup-libs-2.0.3-6.el7.x86_64
Aug 13 05:43:20 Updated: dracut-033-572.el7.x86_64
Aug 13 05:43:20 Updated: kmod-20-28.el7.x86_64
Aug 13 05:43:21 Updated: elfutils-libs-0.176-5.el7.x86_64
Aug 13 05:43:21 Updated: systemd-libs-219-78.el7_9.3.x86_64
Aug 13 05:43:22 Updated: 1:dbus-libs-1.10.24-15.el7.x86_64
Aug 13 05:43:24 Updated: systemd-219-78.el7_9.3.x86_64
Aug 13 05:43:25 Updated: elfutils-default-yama-scope-0.176-5.el7.noarch
Aug 13 05:43:26 Updated: 1:dbus-1.10.24-15.el7.x86_64
Aug 13 05:43:26 Updated: libdrm-2.4.97-2.el7.x86_64
Aug 13 05:43:27 Updated: mesa-libgbm-18.3.4-12.el7_9.x86_64
Aug 13 05:43:28 Updated: rsync-3.1.2-10.el7.x86_64
Aug 13 05:43:28 Updated: avahi-libs-0.6.31-20.el7.x86_64
Aug 13 05:43:29 Updated: 1:cups-libs-1.6.3-51.el7.x86_64
Aug 13 05:43:30 Updated: openssh-7.4p1-21.el7.x86_64
Aug 13 05:43:30 Updated: openssh-clients-7.4p1-21.el7.x86_64
Aug 13 05:43:30 Updated: perl-Git-1.8.3.1-23.el7_8.noarch
Aug 13 05:43:30 Updated: git-1.8.3.1-23.el7_8.x86_64
Aug 13 05:43:31 Updated: 1:make-3.82-24.el7.x86_64
Aug 13 05:43:32 Updated: fribidi-1.0.2-1.el7_7.1.x86_64
Aug 13 05:43:32 Updated: oniguruma-6.8.2-1.el7.x86_64
Aug 13 05:43:32 Updated: tzdata-java-2021a-1.el7.noarch
Aug 13 05:43:40 Updated: 1:java-1.8.0-openjdk-headless-1.8.0.302.b08-0.el7_9.x86_64
Aug 13 05:43:40 Updated: libX11-common-1.6.7-3.el7_9.noarch
Aug 13 05:43:41 Updated: libX11-1.6.7-3.el7_9.x86_64
Aug 13 05:43:42 Updated: cairo-1.15.12-4.el7.x86_64
Aug 13 05:43:42 Updated: 1:java-1.8.0-openjdk-1.8.0.302.b08-0.el7_9.x86_64
Aug 13 05:43:45 Updated: 1:java-1.8.0-openjdk-devel-1.8.0.302.b08-0.el7_9.x86_64
Aug 13 05:43:45 Updated: pango-1.42.4-4.el7_7.x86_64
Aug 13 05:43:46 Updated: mesa-libGL-18.3.4-12.el7_9.x86_64
Aug 13 05:43:46 Updated: mesa-libEGL-18.3.4-12.el7_9.x86_64
Aug 13 05:43:47 Updated: jq-1.6-2.el7.x86_64
Aug 13 05:43:47 Updated: 1:openssl-1.0.2k-21.el7_9.x86_64
Aug 13 05:43:49 Updated: hwdata-0.252-9.7.el7.x86_64
Aug 13 05:43:49 Updated: augeas-1.4.0-10.el7.x86_64
Aug 13 05:43:49 Updated: yum-utils-1.1.31-54.el7_8.noarch
Aug 13 05:43:49 Updated: yum-plugin-ovl-1.1.31-54.el7_8.noarch
Aug 13 05:43:49 Updated: bsdtar-3.1.2-14.el7_7.x86_64
Aug 13 05:43:49 Updated: python-chardet-2.2.1-3.el7.noarch
Aug 13 05:43:49 Updated: passwd-0.79-6.el7.x86_64
Aug 13 05:43:49 Updated: atk-2.28.1-2.el7.x86_64
Aug 13 05:43:49 Updated: gtk-update-icon-cache-3.22.30-6.el7.x86_64
Aug 13 05:43:50 Updated: libtiff-4.0.3-35.el7.x86_64
Aug 13 05:43:50 Updated: 1:perl-Pod-Escapes-1.04-299.el7_9.noarch
Aug 13 05:43:51 Updated: libxslt-1.1.28-6.el7.x86_64
Aug 13 05:43:51 Updated: 2:vim-minimal-7.4.629-8.el7_9.x86_64
Aug 13 05:43:51 Updated: unzip-6.0-22.el7_9.x86_64
Aug 13 05:43:51 Updated: hostname-3.13-3.el7_7.1.x86_64
Aug 13 05:43:51 Updated: epel-release-7-13.noarch
Aug 13 05:43:51 Updated: 32:bind-license-9.11.4-26.P2.el7_9.5.noarch
